<?xml version="1.0" encoding="UTF-8"?>
<!-- Generated by org.testng.reporters.JUnitXMLReporter -->
<testsuite ignored="0" hostname="ShreyasAmin" failures="0" tests="2" name="Default test" time="38.542" errors="0" timestamp="2024-04-19T16:03:27 IST">
  <testcase classname="ecommerce_automation.E2E_testframework.Tests.End2End_Test" name="end2endTest" time="14.909"/>
  <testcase classname="ecommerce_automation.E2E_testframework.Tests.End2End_Test" name="end2endTest" time="14.308"/>
</testsuite> <!-- Default test -->
