<?xml version="1.0" encoding="UTF-8"?>
<!-- Generated by org.testng.reporters.JUnitXMLReporter -->
<testsuite ignored="0" hostname="ShreyasAmin" failures="0" tests="4" name="Default test" time="25.137" errors="0" timestamp="2024-04-20T05:08:05 IST">
  <testcase classname="ecommerce_automation.E2E_testframework.Tests.ErrorValidationTest" name="errorValidationRegisterTab" time="2.406"/>
  <testcase classname="ecommerce_automation.E2E_testframework.Tests.ErrorValidationTest" name="errorValidationRegisterTab" time="3.743"/>
  <testcase classname="ecommerce_automation.E2E_testframework.Tests.ErrorValidationTest" name="errorValidationLoginTab" time="2.435"/>
  <testcase classname="ecommerce_automation.E2E_testframework.Tests.ErrorValidationTest" name="errorValidationLoginTab" time="1.938"/>
</testsuite> <!-- Default test -->
