<?xml version="1.0" encoding="UTF-8"?>
<!-- Generated by org.testng.reporters.JUnitXMLReporter -->
<testsuite ignored="0" hostname="ShreyasAmin" failures="0" tests="2" name="End to End Test" time="36.83" errors="0" timestamp="2024-04-20T04:51:55 IST">
  <testcase classname="ecommerce_automation.E2E_testframework.Tests.End2EndTest" name="end2endTest" time="16.915"/>
  <testcase classname="ecommerce_automation.E2E_testframework.Tests.End2EndTest" name="end2endTest" time="12.039"/>
</testsuite> <!-- End to End Test -->
