<?xml version="1.0" encoding="UTF-8"?>
<!-- Generated by org.testng.reporters.JUnitXMLReporter -->
<testsuite ignored="0" hostname="ShreyasAmin" failures="0" tests="2" name="Error Validation Test" time="23.677" errors="0" timestamp="2024-04-21T17:56:50 IST">
  <testcase classname="ecommerce_automation.E2E_testframework.Tests.ErrorValidationTest" name="errorValidationTest" time="6.244"/>
  <testcase classname="ecommerce_automation.E2E_testframework.Tests.ErrorValidationTest" name="errorValidationTest" time="6.789"/>
</testsuite> <!-- Error Validation Test -->
