<?xml version="1.0" encoding="UTF-8"?>
<!-- Generated by org.testng.reporters.JUnitXMLReporter -->
<testsuite ignored="0" hostname="ShreyasAmin" failures="0" tests="2" name="Error Validation Test" time="16.933" errors="0" timestamp="2024-04-20T04:52:12 IST">
  <testcase classname="ecommerce_automation.E2E_testframework.Tests.ErrorValidationTest" name="errorValidation" time="4.718"/>
  <testcase classname="ecommerce_automation.E2E_testframework.Tests.ErrorValidationTest" name="errorValidation" time="7.468"/>
</testsuite> <!-- Error Validation Test -->
