<?xml version="1.0" encoding="UTF-8"?>
<testng-results ignored="0" total="2" passed="2" failed="0" skipped="0">
  <reporter-output>
  </reporter-output>
  <suite started-at="2024-04-19T16:02:49 IST" name="Default suite" finished-at="2024-04-19T16:03:27 IST" duration-ms="38542">
    <groups>
    </groups>
    <test started-at="2024-04-19T16:02:49 IST" name="Default test" finished-at="2024-04-19T16:03:27 IST" duration-ms="38542">
      <class name="ecommerce_automation.E2E_testframework.Tests.End2End_Test">
        <test-method is-config="true" signature="launchApplication()[pri:0, instance:ecommerce_automation.E2E_testframework.Tests.End2End_Test@62ea3440]" started-at="2024-04-19T16:02:49 IST" name="launchApplication" finished-at="2024-04-19T16:02:54 IST" duration-ms="5287" status="PASS">
          <reporter-output>
          </reporter-output>
        </test-method> <!-- launchApplication -->
        <test-method signature="end2endTest(java.lang.String,java.lang.String,java.lang.String,java.lang.String,java.lang.String,java.lang.String)[pri:0, instance:ecommerce_automation.E2E_testframework.Tests.End2End_Test@62ea3440]" started-at="2024-04-19T16:02:54 IST" name="end2endTest" data-provider="getData" finished-at="2024-04-19T16:03:09 IST" duration-ms="14909" status="PASS">
          <params>
            <param index="0">
              <value>
                <![CDATA[Demo]]>
              </value>
            </param>
            <param index="1">
              <value>
                <![CDATA[Shreyas21@]]>
              </value>
            </param>
            <param index="2">
              <value>
                <![CDATA[DemoShreyas21@mail.com]]>
              </value>
            </param>
            <param index="3">
              <value>
                <![CDATA[1234567898]]>
              </value>
            </param>
            <param index="4">
              <value>
                <![CDATA[Shreyas21@]]>
              </value>
            </param>
            <param index="5">
              <value>
                <![CDATA[Shreyas21@]]>
              </value>
            </param>
          </params>
          <reporter-output>
          </reporter-output>
        </test-method> <!-- end2endTest -->
        <test-method is-config="true" signature="closeBrowser()[pri:0, instance:ecommerce_automation.E2E_testframework.Tests.End2End_Test@62ea3440]" started-at="2024-04-19T16:03:09 IST" name="closeBrowser" finished-at="2024-04-19T16:03:09 IST" duration-ms="2" status="PASS">
          <reporter-output>
          </reporter-output>
        </test-method> <!-- closeBrowser -->
        <test-method is-config="true" signature="launchApplication()[pri:0, instance:ecommerce_automation.E2E_testframework.Tests.End2End_Test@62ea3440]" started-at="2024-04-19T16:03:09 IST" name="launchApplication" finished-at="2024-04-19T16:03:13 IST" duration-ms="3919" status="PASS">
          <reporter-output>
          </reporter-output>
        </test-method> <!-- launchApplication -->
        <test-method signature="end2endTest(java.lang.String,java.lang.String,java.lang.String,java.lang.String,java.lang.String,java.lang.String)[pri:0, instance:ecommerce_automation.E2E_testframework.Tests.End2End_Test@62ea3440]" started-at="2024-04-19T16:03:13 IST" name="end2endTest" data-provider="getData" finished-at="2024-04-19T16:03:27 IST" duration-ms="14308" status="PASS">
          <params>
            <param index="0">
              <value>
                <![CDATA[Demo]]>
              </value>
            </param>
            <param index="1">
              <value>
                <![CDATA[Shreyas22@]]>
              </value>
            </param>
            <param index="2">
              <value>
                <![CDATA[DemoShreyas22@mail.com]]>
              </value>
            </param>
            <param index="3">
              <value>
                <![CDATA[1234567898]]>
              </value>
            </param>
            <param index="4">
              <value>
                <![CDATA[Shreyas22@]]>
              </value>
            </param>
            <param index="5">
              <value>
                <![CDATA[Shreyas22@]]>
              </value>
            </param>
          </params>
          <reporter-output>
          </reporter-output>
        </test-method> <!-- end2endTest -->
        <test-method is-config="true" signature="closeBrowser()[pri:0, instance:ecommerce_automation.E2E_testframework.Tests.End2End_Test@62ea3440]" started-at="2024-04-19T16:03:27 IST" name="closeBrowser" finished-at="2024-04-19T16:03:27 IST" duration-ms="0" status="PASS">
          <reporter-output>
          </reporter-output>
        </test-method> <!-- closeBrowser -->
      </class> <!-- ecommerce_automation.E2E_testframework.Tests.End2End_Test -->
    </test> <!-- Default test -->
  </suite> <!-- Default suite -->
</testng-results>
